Using pre-set license
Built from '2020.3/release' branch; Version is '2020.3.12f1 (b3b2c6512326) revision 11776710'; Using compiler version '192528614'; Build Type 'Release'
OS: 'Windows 10 Pro; OS build 19042.1110; Version 2009; 64bit' Language: 'tr' Physical Memory: 6021 MB
BatchMode: 1, IsHumanControllingUs: 0, StartBugReporterOnCrash: 0, Is64bit: 1, IsPro: 0

 COMMAND LINE ARGUMENTS:
C:\Program Files\Unity\Hub\Editor\2020.3.12f1\Editor\Unity.exe
-adb2
-batchMode
-noUpm
-name
AssetImportWorker2
-projectPath
C:/Users/hsynd/Desktop/ders/FireBalls
-logFile
Logs/AssetImportWorker2.log
-srvPort
51898
Successfully changed project path to: C:/Users/hsynd/Desktop/ders/FireBalls
C:/Users/hsynd/Desktop/ders/FireBalls
Using Asset Import Pipeline V2.
Refreshing native plugins compatible for Editor in 90.96 ms, found 2 plugins.
Preloading 0 native plugins for Editor in 0.00 ms.
Initialize engine version: 2020.3.12f1 (b3b2c6512326)
[Subsystems] Discovering subsystems at path C:/Program Files/Unity/Hub/Editor/2020.3.12f1/Editor/Data/Resources/UnitySubsystems
[Subsystems] Discovering subsystems at path C:/Users/hsynd/Desktop/ders/FireBalls/Assets
GfxDevice: creating device client; threaded=0
Direct3D:
    Version:  Direct3D 11.0 [level 11.1]
    Renderer: NVIDIA GeForce GTX 1650 (ID=0x1f91)
    Vendor:   
    VRAM:     3962 MB
    Driver:   30.0.14.7111
Initialize mono
Mono path[0] = 'C:/Program Files/Unity/Hub/Editor/2020.3.12f1/Editor/Data/Managed'
Mono path[1] = 'C:/Program Files/Unity/Hub/Editor/2020.3.12f1/Editor/Data/MonoBleedingEdge/lib/mono/unityjit'
Mono config path = 'C:/Program Files/Unity/Hub/Editor/2020.3.12f1/Editor/Data/MonoBleedingEdge/etc'
Using monoOptions --debugger-agent=transport=dt_socket,embedding=1,server=y,suspend=n,address=127.0.0.1:56308
Begin MonoManager ReloadAssembly
Registering precompiled unity dll's ...
Register platform support module: C:/Program Files/Unity/Hub/Editor/2020.3.12f1/Editor/Data/PlaybackEngines/WindowsStandaloneSupport/UnityEditor.WindowsStandalone.Extensions.dll
Registered in 0.008090 seconds.
Native extension for WindowsStandalone target not found
Refreshing native plugins compatible for Editor in 79.52 ms, found 2 plugins.
Preloading 0 native plugins for Editor in 0.00 ms.
Mono: successfully reloaded assembly
- Completed reload, in  5.707 seconds
Platform modules already initialized, skipping
Registering precompiled user dll's ...
Registered in 0.016363 seconds.
Begin MonoManager ReloadAssembly
Native extension for WindowsStandalone target not found
Refreshing native plugins compatible for Editor in 0.86 ms, found 2 plugins.
Preloading 0 native plugins for Editor in 0.00 ms.
Mono: successfully reloaded assembly
- Completed reload, in  3.816 seconds
Platform modules already initialized, skipping
========================================================================
Worker process is ready to serve import requests
Launched and connected shader compiler UnityShaderCompiler.exe after 0.30 seconds
Refreshing native plugins compatible for Editor in 0.69 ms, found 2 plugins.
Preloading 0 native plugins for Editor in 0.00 ms.
Unloading 1389 Unused Serialized files (Serialized files now loaded: 0)
System memory in use before: 64.8 MB.
System memory in use after: 64.8 MB.

Unloading 19 unused Assets to reduce memory usage. Loaded Objects now: 1821.
Total: 4.870200 ms (FindLiveObjects: 0.412000 ms CreateObjectMapping: 0.060200 ms MarkObjects: 4.172400 ms  DeleteObjects: 0.222100 ms)

AssetImportParameters requested are different than current active one (requested -> active):
  custom:framework-win-MediaFoundation: 216162199b28c13a410421893ffa2e32 -> 
  custom:video-decoder-ogg-theora: a1e56fd34408186e4bbccfd4996cb3dc -> 
  custom:container-muxer-webm: aa71ff27fc2769a1b78a27578f13a17b -> 
  custom:container-demuxer-webm: 4f35f7cbe854078d1ac9338744f61a02 -> 
  custom:container-demuxer-ogg: 62fdf1f143b41e24485cea50d1cbac27 -> 
  custom:video-encoder-webm-vp8: eb34c28f22e8b96e1ab97ce403110664 -> 
  custom:video-decoder-webm-vp8: 9c59270c3fd7afecdb556c50c9e8de78 -> 
  custom:audio-decoder-ogg-vorbis: bf7c407c2cedff20999df2af8eb42d56 -> 
  custom:audio-encoder-webm-vorbis: bf7c407c2cedff20999df2af8eb42d56 -> 
========================================================================
Received Import Request.
  path: Assets/FireBalls/Materials/2.mat
  artifactKey: Guid(93e20866853d70946bc5a5b4360dd85a) Importer(815301076,1909f56bfc062723c751e8b465ee728b)
Start importing Assets/FireBalls/Materials/2.mat using Guid(93e20866853d70946bc5a5b4360dd85a) Importer(815301076,1909f56bfc062723c751e8b465ee728b)  -> (artifact id: '3190a25baeb62d95188cd4ab3787ebc5') in 0.297208 seconds 
  Import took 0.304971 seconds .

========================================================================
Received Import Request.
  Time since last request: 0.000784 seconds.
  path: Assets/FireBalls/Materials/5.mat
  artifactKey: Guid(d126d120d239a2845ac7fd476a12b836) Importer(815301076,1909f56bfc062723c751e8b465ee728b)
Start importing Assets/FireBalls/Materials/5.mat using Guid(d126d120d239a2845ac7fd476a12b836) Importer(815301076,1909f56bfc062723c751e8b465ee728b)  -> (artifact id: '7acc2afa4db32566edf0544c22e29731') in 0.048662 seconds 
  Import took 0.056559 seconds .

========================================================================
Received Import Request.
  Time since last request: 0.000714 seconds.
  path: Assets/FireBalls/Materials/4.mat
  artifactKey: Guid(8c766eac1d485a84f9c0c469d00d2a9a) Importer(815301076,1909f56bfc062723c751e8b465ee728b)
Start importing Assets/FireBalls/Materials/4.mat using Guid(8c766eac1d485a84f9c0c469d00d2a9a) Importer(815301076,1909f56bfc062723c751e8b465ee728b)  -> (artifact id: 'afec0c2e5daff68d3a20c4498a23d613') in 0.075338 seconds 
  Import took 0.084056 seconds .

========================================================================
Received Import Request.
  Time since last request: 0.000807 seconds.
  path: Assets/FireBalls/Materials/3.mat
  artifactKey: Guid(024fbf41938746a44ac835cd92dad691) Importer(815301076,1909f56bfc062723c751e8b465ee728b)
Start importing Assets/FireBalls/Materials/3.mat using Guid(024fbf41938746a44ac835cd92dad691) Importer(815301076,1909f56bfc062723c751e8b465ee728b)  -> (artifact id: '7b24c9164b6bee67d56e9ca54992a935') in 0.049606 seconds 
  Import took 0.056143 seconds .

AssetImportWorkerClient::OnTransportError - code=2 error=End of file
